apt-get install --no-install-recommends libavcodec57 libavformat57 libavutil54 libswscale4 qmake6 
apt-get install --no-install-recommends libavformat-dev libavcodec-dev libavutil-dev libswscale-dev libpng-dev qt6-base-dev


objdump -x /usr/bin/screengen | grep -w NEEDED

  NEEDED               libavformat.so.59
  NEEDED               libavcodec.so.59
  NEEDED               libavutil.so.57
  NEEDED               libswscale.so.6
  NEEDED               libQt6Widgets.so.6
  NEEDED               libQt6Gui.so.6
  NEEDED               libQt6Core.so.6
  NEEDED               libstdc++.so.6
  NEEDED               libm.so.6
  NEEDED               libgcc_s.so.1
  NEEDED               libc.so.6

ldd /usr/bin/screengen

  linux-vdso.so.1 (0x00007ffeec0b5000)
	libavformat.so.59 => /usr/lib/x86_64-linux-gnu/libavformat.so.59 (0x00007f6067600000)
	libavcodec.so.59 => /usr/lib/x86_64-linux-gnu/libavcodec.so.59 (0x00007f6066000000)
	libavutil.so.57 => /usr/lib/x86_64-linux-gnu/libavutil.so.57 (0x00007f6065e0f000)
	libswscale.so.6 => /usr/lib/x86_64-linux-gnu/libswscale.so.6 (0x00007f6067553000)
	libQt6Widgets.so.6 => /usr/lib/x86_64-linux-gnu/libQt6Widgets.so.6 (0x00007f6065600000)
	libQt6Gui.so.6 => /usr/lib/x86_64-linux-gnu/libQt6Gui.so.6 (0x00007f6064e00000)
	libQt6Core.so.6 => /usr/lib/x86_64-linux-gnu/libQt6Core.so.6 (0x00007f6064800000)
	libstdc++.so.6 => /usr/lib/x86_64-linux-gnu/libstdc++.so.6 (0x00007f6064400000)
	libm.so.6 => /lib/x86_64-linux-gnu/libm.so.6 (0x00007f6067474000)
	libgcc_s.so.1 => /lib/x86_64-linux-gnu/libgcc_s.so.1 (0x00007f60678d2000)
	libc.so.6 => /lib/x86_64-linux-gnu/libc.so.6 (0x00007f606461f000)
	libxml2.so.2 => /usr/lib/x86_64-linux-gnu/libxml2.so.2 (0x00007f6064254000)
	libbz2.so.1.0 => /lib/x86_64-linux-gnu/libbz2.so.1.0 (0x00007f60678bd000)
	libgme.so.0 => /usr/lib/x86_64-linux-gnu/libgme.so.0 (0x00007f6067425000)
	libopenmpt.so.0 => /usr/lib/x86_64-linux-gnu/libopenmpt.so.0 (0x00007f6064000000)
	libchromaprint.so.1 => /usr/lib/x86_64-linux-gnu/libchromaprint.so.1 (0x00007f60678a7000)
	libbluray.so.2 => /usr/lib/x86_64-linux-gnu/libbluray.so.2 (0x00007f6065dc2000)
	libz.so.1 => /lib/x86_64-linux-gnu/libz.so.1 (0x00007f6065da3000)
	libgnutls.so.30 => /usr/lib/x86_64-linux-gnu/libgnutls.so.30 (0x00007f6063c00000)
	librabbitmq.so.4 => /usr/lib/x86_64-linux-gnu/librabbitmq.so.4 (0x00007f6065d89000)
	librist.so.4 => /usr/lib/x86_64-linux-gnu/librist.so.4 (0x00007f6065d55000)
	libsrt-gnutls.so.1.5 => /usr/lib/x86_64-linux-gnu/libsrt-gnutls.so.1.5 (0x00007f6064d20000)
	libssh-gcrypt.so.4 => /usr/lib/x86_64-linux-gnu/libssh-gcrypt.so.4 (0x00007f606556f000)
	libzmq.so.5 => /usr/lib/x86_64-linux-gnu/libzmq.so.5 (0x00007f6063f43000)
	libswresample.so.4 => /usr/lib/x86_64-linux-gnu/libswresample.so.4 (0x00007f6065d34000)
	libvpx.so.7 => /usr/lib/x86_64-linux-gnu/libvpx.so.7 (0x00007f6063800000)
	libwebpmux.so.3 => /usr/lib/x86_64-linux-gnu/libwebpmux.so.3 (0x00007f6067417000)
	libwebp.so.7 => /usr/lib/x86_64-linux-gnu/libwebp.so.7 (0x00007f6063ed1000)
	liblzma.so.5 => /lib/x86_64-linux-gnu/liblzma.so.5 (0x00007f6065540000)
	libdav1d.so.6 => /usr/lib/x86_64-linux-gnu/libdav1d.so.6 (0x00007f606362f000)
	librsvg-2.so.2 => /usr/lib/x86_64-linux-gnu/librsvg-2.so.2 (0x00007f6062a00000)
	libgobject-2.0.so.0 => /usr/lib/x86_64-linux-gnu/libgobject-2.0.so.0 (0x00007f6063e72000)
	libglib-2.0.so.0 => /usr/lib/x86_64-linux-gnu/libglib-2.0.so.0 (0x00007f60634f7000)
	libcairo.so.2 => /usr/lib/x86_64-linux-gnu/libcairo.so.2 (0x00007f60628dc000)
	libzvbi.so.0 => /usr/lib/x86_64-linux-gnu/libzvbi.so.0 (0x00007f6063b72000)
	libsnappy.so.1 => /usr/lib/x86_64-linux-gnu/libsnappy.so.1 (0x00007f6065d26000)
	libaom.so.3 => /usr/lib/x86_64-linux-gnu/libaom.so.3 (0x00007f6062200000)
	libcodec2.so.1.0 => /usr/lib/x86_64-linux-gnu/libcodec2.so.1.0 (0x00007f6061000000)
	libgsm.so.1 => /usr/lib/x86_64-linux-gnu/libgsm.so.1 (0x00007f606552f000)
	libjxl.so.0.7 => /usr/lib/x86_64-linux-gnu/libjxl.so.0.7 (0x00007f6060c00000)
	libjxl_threads.so.0.7 => /usr/lib/x86_64-linux-gnu/libjxl_threads.so.0.7 (0x00007f6065529000)
	libmp3lame.so.0 => /usr/lib/x86_64-linux-gnu/libmp3lame.so.0 (0x00007f6062865000)
	libopenjp2.so.7 => /usr/lib/x86_64-linux-gnu/libopenjp2.so.7 (0x00007f6063b0e000)
	libopus.so.0 => /usr/lib/x86_64-linux-gnu/libopus.so.0 (0x00007f6063499000)
	librav1e.so.0 => /usr/lib/x86_64-linux-gnu/librav1e.so.0 (0x00007f6060800000)
	libshine.so.3 => /usr/lib/x86_64-linux-gnu/libshine.so.3 (0x00007f6060400000)
	libspeex.so.1 => /usr/lib/x86_64-linux-gnu/libspeex.so.1 (0x00007f6064d05000)
	libSvtAv1Enc.so.1 => /usr/lib/x86_64-linux-gnu/libSvtAv1Enc.so.1 (0x00007f605fa00000)
	libtheoraenc.so.1 => /usr/lib/x86_64-linux-gnu/libtheoraenc.so.1 (0x00007f6063e39000)
	libtheoradec.so.1 => /usr/lib/x86_64-linux-gnu/libtheoradec.so.1 (0x00007f6064238000)
	libtwolame.so.0 => /usr/lib/x86_64-linux-gnu/libtwolame.so.0 (0x00007f6062840000)
	libvorbis.so.0 => /usr/lib/x86_64-linux-gnu/libvorbis.so.0 (0x00007f6062813000)
	libvorbisenc.so.2 => /usr/lib/x86_64-linux-gnu/libvorbisenc.so.2 (0x00007f6062155000)
	libx264.so.164 => /usr/lib/x86_64-linux-gnu/libx264.so.164 (0x00007f605f600000)
	libx265.so.199 => /usr/lib/x86_64-linux-gnu/libx265.so.199 (0x00007f605e600000)
	libxvidcore.so.4 => /usr/lib/x86_64-linux-gnu/libxvidcore.so.4 (0x00007f6062042000)
	libva.so.2 => /usr/lib/x86_64-linux-gnu/libva.so.2 (0x00007f60627e3000)
	libmfx.so.1 => /usr/lib/x86_64-linux-gnu/libmfx.so.1 (0x00007f6064cf5000)
	libva-drm.so.2 => /usr/lib/x86_64-linux-gnu/libva-drm.so.2 (0x00007f606461a000)
	libva-x11.so.2 => /usr/lib/x86_64-linux-gnu/libva-x11.so.2 (0x00007f6064230000)
	libvdpau.so.1 => /usr/lib/x86_64-linux-gnu/libvdpau.so.1 (0x00007f6063e33000)
	libX11.so.6 => /usr/lib/x86_64-linux-gnu/libX11.so.6 (0x00007f6060abe000)
	libdrm.so.2 => /usr/lib/x86_64-linux-gnu/libdrm.so.2 (0x00007f6063e1d000)
	libOpenCL.so.1 => /usr/lib/x86_64-linux-gnu/libOpenCL.so.1 (0x00007f6063afc000)
	libEGL.so.1 => /usr/lib/x86_64-linux-gnu/libEGL.so.1 (0x00007f60627cd000)
	libfontconfig.so.1 => /usr/lib/x86_64-linux-gnu/libfontconfig.so.1 (0x00007f6060fb5000)
	libQt6DBus.so.6 => /usr/lib/x86_64-linux-gnu/libQt6DBus.so.6 (0x00007f606074d000)
	libxkbcommon.so.0 => /usr/lib/x86_64-linux-gnu/libxkbcommon.so.0 (0x00007f6060f6f000)
	libGLX.so.0 => /usr/lib/x86_64-linux-gnu/libGLX.so.0 (0x00007f6060719000)
	libOpenGL.so.0 => /usr/lib/x86_64-linux-gnu/libOpenGL.so.0 (0x00007f6062017000)
	libpng16.so.16 => /usr/lib/x86_64-linux-gnu/libpng16.so.16 (0x00007f60606e3000)
	libharfbuzz.so.0 => /usr/lib/x86_64-linux-gnu/libharfbuzz.so.0 (0x00007f605f8fc000)
	libmd4c.so.0 => /usr/lib/x86_64-linux-gnu/libmd4c.so.0 (0x00007f60627bb000)
	libfreetype.so.6 => /usr/lib/x86_64-linux-gnu/libfreetype.so.6 (0x00007f6060619000)
	libicui18n.so.72 => /usr/lib/x86_64-linux-gnu/libicui18n.so.72 (0x00007f605e200000)
	libicuuc.so.72 => /usr/lib/x86_64-linux-gnu/libicuuc.so.72 (0x00007f605e002000)
	libdouble-conversion.so.3 => /usr/lib/x86_64-linux-gnu/libdouble-conversion.so.3 (0x00007f6060f5a000)
	libb2.so.1 => /usr/lib/x86_64-linux-gnu/libb2.so.1 (0x00007f6060a9f000)
	libpcre2-16.so.0 => /usr/lib/x86_64-linux-gnu/libpcre2-16.so.0 (0x00007f605e572000)
	libzstd.so.1 => /usr/lib/x86_64-linux-gnu/libzstd.so.1 (0x00007f605df46000)
	/lib64/ld-linux-x86-64.so.2 (0x00007f6067925000)
	libmpg123.so.0 => /usr/lib/x86_64-linux-gnu/libmpg123.so.0 (0x00007f605deea000)
	libvorbisfile.so.3 => /usr/lib/x86_64-linux-gnu/libvorbisfile.so.3 (0x00007f60627b0000)
	libudfread.so.0 => /usr/lib/x86_64-linux-gnu/libudfread.so.0 (0x00007f6060a94000)
	libp11-kit.so.0 => /usr/lib/x86_64-linux-gnu/libp11-kit.so.0 (0x00007f605ddb6000)
	libidn2.so.0 => /usr/lib/x86_64-linux-gnu/libidn2.so.0 (0x00007f60603cf000)
	libunistring.so.2 => /usr/lib/x86_64-linux-gnu/libunistring.so.2 (0x00007f605dc00000)
	libtasn1.so.6 => /usr/lib/x86_64-linux-gnu/libtasn1.so.6 (0x00007f605f8e7000)
	libnettle.so.8 => /usr/lib/x86_64-linux-gnu/libnettle.so.8 (0x00007f605dbb2000)
	libhogweed.so.6 => /usr/lib/x86_64-linux-gnu/libhogweed.so.6 (0x00007f605f5b7000)
	libgmp.so.10 => /usr/lib/x86_64-linux-gnu/libgmp.so.10 (0x00007f605db31000)
	libssl.so.3 => /usr/lib/x86_64-linux-gnu/libssl.so.3 (0x00007f605da88000)
	libcrypto.so.3 => /usr/lib/x86_64-linux-gnu/libcrypto.so.3 (0x00007f605d600000)
	libpthread.so.0 => /lib/x86_64-linux-gnu/libpthread.so.0 (0x00007f6063490000)
	libmbedcrypto.so.7 => /usr/lib/x86_64-linux-gnu/libmbedcrypto.so.7 (0x00007f605d578000)
	libcjson.so.1 => /usr/lib/x86_64-linux-gnu/libcjson.so.1 (0x00007f606060f000)
	libgcrypt.so.20 => /usr/lib/x86_64-linux-gnu/libgcrypt.so.20 (0x00007f605d431000)
	libgpg-error.so.0 => /lib/x86_64-linux-gnu/libgpg-error.so.0 (0x00007f605e54a000)
	libgssapi_krb5.so.2 => /usr/lib/x86_64-linux-gnu/libgssapi_krb5.so.2 (0x00007f605d3de000)
	libbsd.so.0 => /usr/lib/x86_64-linux-gnu/libbsd.so.0 (0x00007f605f8d1000)
	libsodium.so.23 => /usr/lib/x86_64-linux-gnu/libsodium.so.23 (0x00007f605d384000)
	libpgm-5.3.so.0 => /usr/lib/x86_64-linux-gnu/libpgm-5.3.so.0 (0x00007f605d334000)
	libnorm.so.1 => /usr/lib/x86_64-linux-gnu/libnorm.so.1 (0x00007f605d20b000)
	libsoxr.so.0 => /usr/lib/x86_64-linux-gnu/libsoxr.so.0 (0x00007f605d1a0000)
	libcairo-gobject.so.2 => /usr/lib/x86_64-linux-gnu/libcairo-gobject.so.2 (0x00007f60603c4000)
	libgdk_pixbuf-2.0.so.0 => /usr/lib/x86_64-linux-gnu/libgdk_pixbuf-2.0.so.0 (0x00007f605d172000)
	libgio-2.0.so.0 => /usr/lib/x86_64-linux-gnu/libgio-2.0.so.0 (0x00007f605cf92000)
	libpangocairo-1.0.so.0 => /usr/lib/x86_64-linux-gnu/libpangocairo-1.0.so.0 (0x00007f605e539000)
	libpango-1.0.so.0 => /usr/lib/x86_64-linux-gnu/libpango-1.0.so.0 (0x00007f605cf29000)
	libffi.so.8 => /usr/lib/x86_64-linux-gnu/libffi.so.8 (0x00007f605e52d000)
	libpcre2-8.so.0 => /usr/lib/x86_64-linux-gnu/libpcre2-8.so.0 (0x00007f605ce8f000)
	libpixman-1.so.0 => /usr/lib/x86_64-linux-gnu/libpixman-1.so.0 (0x00007f605cde4000)
	libxcb-shm.so.0 => /usr/lib/x86_64-linux-gnu/libxcb-shm.so.0 (0x00007f605f8cc000)
	libxcb.so.1 => /usr/lib/x86_64-linux-gnu/libxcb.so.1 (0x00007f605cdba000)
	libxcb-render.so.0 => /usr/lib/x86_64-linux-gnu/libxcb-render.so.0 (0x00007f605cdac000)
	libXrender.so.1 => /usr/lib/x86_64-linux-gnu/libXrender.so.1 (0x00007f605cd9f000)
	libXext.so.6 => /usr/lib/x86_64-linux-gnu/libXext.so.6 (0x00007f605cd8a000)
	libbrotlidec.so.1 => /usr/lib/x86_64-linux-gnu/libbrotlidec.so.1 (0x00007f605cd7d000)
	libhwy.so.1 => /usr/lib/x86_64-linux-gnu/libhwy.so.1 (0x00007f605cd72000)
	libbrotlienc.so.1 => /usr/lib/x86_64-linux-gnu/libbrotlienc.so.1 (0x00007f605cce1000)
	liblcms2.so.2 => /usr/lib/x86_64-linux-gnu/liblcms2.so.2 (0x00007f605cc7e000)
	libogg.so.0 => /usr/lib/x86_64-linux-gnu/libogg.so.0 (0x00007f605cc74000)
	libnuma.so.1 => /usr/lib/x86_64-linux-gnu/libnuma.so.1 (0x00007f605cc67000)
	libXfixes.so.3 => /usr/lib/x86_64-linux-gnu/libXfixes.so.3 (0x00007f605cc5f000)
	libX11-xcb.so.1 => /usr/lib/x86_64-linux-gnu/libX11-xcb.so.1 (0x00007f605cc5a000)
	libxcb-dri3.so.0 => /usr/lib/x86_64-linux-gnu/libxcb-dri3.so.0 (0x00007f605cc53000)
	libGLdispatch.so.0 => /usr/lib/x86_64-linux-gnu/libGLdispatch.so.0 (0x00007f605cb9a000)
	libexpat.so.1 => /lib/x86_64-linux-gnu/libexpat.so.1 (0x00007f605cb6f000)
	libdbus-1.so.3 => /lib/x86_64-linux-gnu/libdbus-1.so.3 (0x00007f605cb19000)
	libgraphite2.so.3 => /usr/lib/x86_64-linux-gnu/libgraphite2.so.3 (0x00007f605caed000)
	libicudata.so.72 => /usr/lib/x86_64-linux-gnu/libicudata.so.72 (0x00007f605ac00000)
	libgomp.so.1 => /usr/lib/x86_64-linux-gnu/libgomp.so.1 (0x00007f605caa5000)
	libkrb5.so.3 => /usr/lib/x86_64-linux-gnu/libkrb5.so.3 (0x00007f605ab26000)
	libk5crypto.so.3 => /usr/lib/x86_64-linux-gnu/libk5crypto.so.3 (0x00007f605ca78000)
	libcom_err.so.2 => /lib/x86_64-linux-gnu/libcom_err.so.2 (0x00007f605ca72000)
	libkrb5support.so.0 => /usr/lib/x86_64-linux-gnu/libkrb5support.so.0 (0x00007f605ca64000)
	libmd.so.0 => /usr/lib/x86_64-linux-gnu/libmd.so.0 (0x00007f605ca57000)
	libgmodule-2.0.so.0 => /usr/lib/x86_64-linux-gnu/libgmodule-2.0.so.0 (0x00007f605ca51000)
	libjpeg.so.62 => /usr/lib/x86_64-linux-gnu/libjpeg.so.62 (0x00007f605aa93000)
	libmount.so.1 => /usr/lib/x86_64-linux-gnu/libmount.so.1 (0x00007f605c9ee000)
	libselinux.so.1 => /lib/x86_64-linux-gnu/libselinux.so.1 (0x00007f605aa65000)
	libpangoft2-1.0.so.0 => /usr/lib/x86_64-linux-gnu/libpangoft2-1.0.so.0 (0x00007f605c9d5000)
	libfribidi.so.0 => /usr/lib/x86_64-linux-gnu/libfribidi.so.0 (0x00007f605aa49000)
	libthai.so.0 => /usr/lib/x86_64-linux-gnu/libthai.so.0 (0x00007f605aa3e000)
	libXau.so.6 => /usr/lib/x86_64-linux-gnu/libXau.so.6 (0x00007f605aa39000)
	libXdmcp.so.6 => /usr/lib/x86_64-linux-gnu/libXdmcp.so.6 (0x00007f605a800000)
	libbrotlicommon.so.1 => /usr/lib/x86_64-linux-gnu/libbrotlicommon.so.1 (0x00007f605aa16000)
	libkeyutils.so.1 => /lib/x86_64-linux-gnu/libkeyutils.so.1 (0x00007f605aa0d000)
	libresolv.so.2 => /lib/x86_64-linux-gnu/libresolv.so.2 (0x00007f605a7ef000)
	libblkid.so.1 => /usr/lib/x86_64-linux-gnu/libblkid.so.1 (0x00007f605a798000)
	libdatrie.so.1 => /usr/lib/x86_64-linux-gnu/libdatrie.so.1 (0x00007f605a78e000)
 
